Started GET "/" for 127.0.0.1 at 2018-02-04 15:45:04 -0800
  
ActiveRecord::PendingMigrationError (

Migrations are pending. To resolve this issue, run:

        bin/rails db:migrate RAILS_ENV=development

):
  
activerecord (5.1.4) lib/active_record/migration.rb:576:in `check_pending!'
activerecord (5.1.4) lib/active_record/migration.rb:553:in `call'
actionpack (5.1.4) lib/action_dispatch/middleware/callbacks.rb:26:in `block in call'
activesupport (5.1.4) lib/active_support/callbacks.rb:97:in `run_callbacks'
actionpack (5.1.4) lib/action_dispatch/middleware/callbacks.rb:24:in `call'
actionpack (5.1.4) lib/action_dispatch/middleware/executor.rb:12:in `call'
actionpack (5.1.4) lib/action_dispatch/middleware/debug_exceptions.rb:59:in `call'
web-console (3.5.1) lib/web_console/middleware.rb:135:in `call_app'
web-console (3.5.1) lib/web_console/middleware.rb:28:in `block in call'
web-console (3.5.1) lib/web_console/middleware.rb:18:in `catch'
web-console (3.5.1) lib/web_console/middleware.rb:18:in `call'
actionpack (5.1.4) lib/action_dispatch/middleware/show_exceptions.rb:31:in `call'
railties (5.1.4) lib/rails/rack/logger.rb:36:in `call_app'
railties (5.1.4) lib/rails/rack/logger.rb:24:in `block in call'
activesupport (5.1.4) lib/active_support/tagged_logging.rb:69:in `block in tagged'
activesupport (5.1.4) lib/active_support/tagged_logging.rb:26:in `tagged'
activesupport (5.1.4) lib/active_support/tagged_logging.rb:69:in `tagged'
railties (5.1.4) lib/rails/rack/logger.rb:24:in `call'
sprockets-rails (3.2.1) lib/sprockets/rails/quiet_assets.rb:13:in `call'
actionpack (5.1.4) lib/action_dispatch/middleware/remote_ip.rb:79:in `call'
actionpack (5.1.4) lib/action_dispatch/middleware/request_id.rb:25:in `call'
rack (2.0.4) lib/rack/method_override.rb:22:in `call'
rack (2.0.4) lib/rack/runtime.rb:22:in `call'
activesupport (5.1.4) lib/active_support/cache/strategy/local_cache_middleware.rb:27:in `call'
actionpack (5.1.4) lib/action_dispatch/middleware/executor.rb:12:in `call'
actionpack (5.1.4) lib/action_dispatch/middleware/static.rb:125:in `call'
rack (2.0.4) lib/rack/sendfile.rb:111:in `call'
railties (5.1.4) lib/rails/engine.rb:522:in `call'
puma (3.11.2) lib/puma/configuration.rb:225:in `call'
puma (3.11.2) lib/puma/server.rb:624:in `handle_request'
puma (3.11.2) lib/puma/server.rb:438:in `process_client'
puma (3.11.2) lib/puma/server.rb:302:in `block in run'
puma (3.11.2) lib/puma/thread_pool.rb:120:in `call'
puma (3.11.2) lib/puma/thread_pool.rb:120:in `block in spawn_thread'
  [1m[35m (0.1ms)[0m  [1m[34mSELECT sqlite_version(*)[0m
  [1m[35m (2.2ms)[0m  [1m[35mCREATE TABLE "schema_migrations" ("version" varchar NOT NULL PRIMARY KEY)[0m
  [1m[35m (0.8ms)[0m  [1m[35mCREATE TABLE "ar_internal_metadata" ("key" varchar NOT NULL PRIMARY KEY, "value" varchar, "created_at" datetime NOT NULL, "updated_at" datetime NOT NULL)[0m
  [1m[35m (0.1ms)[0m  [1m[34mSELECT "schema_migrations"."version" FROM "schema_migrations" ORDER BY "schema_migrations"."version" ASC[0m
Migrating to CreateApplicants (20180204234433)
  [1m[35m (0.0ms)[0m  [1m[36mbegin transaction[0m
  [1m[35m (0.0ms)[0m  [1m[31mrollback transaction[0m
  [1m[35m (0.1ms)[0m  [1m[34mSELECT "schema_migrations"."version" FROM "schema_migrations" ORDER BY "schema_migrations"."version" ASC[0m
Migrating to CreateApplicants (20180204234433)
  [1m[35m (0.1ms)[0m  [1m[36mbegin transaction[0m
  [1m[35m (0.1ms)[0m  [1m[34mSELECT sqlite_version(*)[0m
  [1m[35m (0.6ms)[0m  [1m[35mCREATE TABLE "applicants" ("id" INTEGER PRIMARY KEY AUTOINCREMENT NOT NULL, "first_name" varchar, "last_name" varchar, "email" varchar, "phone" varchar, "zipcode" varchar, "referral_code" varchar, "created_at" datetime NOT NULL, "updated_at" datetime NOT NULL)[0m
  [1m[35mSQL (0.1ms)[0m  [1m[32mINSERT INTO "schema_migrations" ("version") VALUES (?)[0m  [["version", "20180204234433"]]
  [1m[35m (1.7ms)[0m  [1m[36mcommit transaction[0m
  [1m[36mActiveRecord::InternalMetadata Load (0.1ms)[0m  [1m[34mSELECT  "ar_internal_metadata".* FROM "ar_internal_metadata" WHERE "ar_internal_metadata"."key" = ? LIMIT ?[0m  [["key", "environment"], ["LIMIT", 1]]
  [1m[35m (0.0ms)[0m  [1m[36mbegin transaction[0m
  [1m[35mSQL (0.3ms)[0m  [1m[32mINSERT INTO "ar_internal_metadata" ("key", "value", "created_at", "updated_at") VALUES (?, ?, ?, ?)[0m  [["key", "environment"], ["value", "development"], ["created_at", "2018-02-04 23:45:51.380467"], ["updated_at", "2018-02-04 23:45:51.380467"]]
  [1m[35m (0.6ms)[0m  [1m[36mcommit transaction[0m
  [1m[35m (0.1ms)[0m  [1m[34mSELECT "schema_migrations"."version" FROM "schema_migrations" ORDER BY "schema_migrations"."version" ASC[0m
Started GET "/" for 127.0.0.1 at 2018-02-04 15:46:18 -0800
  [1m[35m (0.1ms)[0m  [1m[34mSELECT "schema_migrations"."version" FROM "schema_migrations" ORDER BY "schema_migrations"."version" ASC[0m
Processing by Rails::WelcomeController#index as HTML
  Rendering /Users/sjain/.rvm/gems/ruby-2.2.2@applicants/gems/railties-5.1.4/lib/rails/templates/rails/welcome/index.html.erb
  Rendered /Users/sjain/.rvm/gems/ruby-2.2.2@applicants/gems/railties-5.1.4/lib/rails/templates/rails/welcome/index.html.erb (3.0ms)
Completed 200 OK in 16ms (Views: 7.4ms | ActiveRecord: 0.0ms)


Started GET "/applicants" for 127.0.0.1 at 2018-02-04 15:46:24 -0800
Processing by ApplicantsController#index as HTML
  Rendering applicants/index.html.erb within layouts/application
  [1m[36mApplicant Load (0.1ms)[0m  [1m[34mSELECT "applicants".* FROM "applicants"[0m
  Rendered applicants/index.html.erb within layouts/application (3.1ms)
Completed 200 OK in 564ms (Views: 560.1ms | ActiveRecord: 0.6ms)


Started GET "/applicants/new" for 127.0.0.1 at 2018-02-04 15:46:31 -0800
Processing by ApplicantsController#new as HTML
  Rendering applicants/new.html.erb within layouts/application
  Rendered applicants/_form.html.erb (20.7ms)
  Rendered applicants/new.html.erb within layouts/application (22.6ms)
Completed 200 OK in 52ms (Views: 39.6ms | ActiveRecord: 0.7ms)


Started POST "/applicants" for 127.0.0.1 at 2018-02-04 15:47:04 -0800
Processing by ApplicantsController#create as HTML
  Parameters: {"utf8"=>"✓", "authenticity_token"=>"iIHIf3oAeCeUl/zYFdAPPhsOJtidt1gKJQFQQPTonrKpNwgGzuJfzWddAPjzovdyUlBgX8FAq8tlQPh4fJeLWA==", "applicant"=>{"first_name"=>"", "last_name"=>"", "email"=>"", "phone"=>"", "zipcode"=>"", "referral_code"=>""}, "commit"=>"Create Applicant"}
  [1m[35m (0.1ms)[0m  [1m[36mbegin transaction[0m
  [1m[35mSQL (0.4ms)[0m  [1m[32mINSERT INTO "applicants" ("first_name", "last_name", "email", "phone", "zipcode", "referral_code", "created_at", "updated_at") VALUES (?, ?, ?, ?, ?, ?, ?, ?)[0m  [["first_name", ""], ["last_name", ""], ["email", ""], ["phone", ""], ["zipcode", ""], ["referral_code", ""], ["created_at", "2018-02-04 23:47:04.793606"], ["updated_at", "2018-02-04 23:47:04.793606"]]
  [1m[35m (0.8ms)[0m  [1m[36mcommit transaction[0m
Redirected to http://localhost:3000/applicants/1
Completed 302 Found in 5ms (ActiveRecord: 1.3ms)


Started GET "/applicants/1" for 127.0.0.1 at 2018-02-04 15:47:04 -0800
Processing by ApplicantsController#show as HTML
  Parameters: {"id"=>"1"}
  [1m[36mApplicant Load (0.2ms)[0m  [1m[34mSELECT  "applicants".* FROM "applicants" WHERE "applicants"."id" = ? LIMIT ?[0m  [["id", 1], ["LIMIT", 1]]
  Rendering applicants/show.html.erb within layouts/application
  Rendered applicants/show.html.erb within layouts/application (0.8ms)
Completed 200 OK in 24ms (Views: 18.7ms | ActiveRecord: 0.2ms)


Started GET "/applicants" for 127.0.0.1 at 2018-02-04 15:47:08 -0800
Processing by ApplicantsController#index as HTML
  Rendering applicants/index.html.erb within layouts/application
  [1m[36mApplicant Load (0.2ms)[0m  [1m[34mSELECT "applicants".* FROM "applicants"[0m
  Rendered applicants/index.html.erb within layouts/application (2.4ms)
Completed 200 OK in 25ms (Views: 22.9ms | ActiveRecord: 0.2ms)


Started GET "/applicants" for 127.0.0.1 at 2018-02-04 15:47:10 -0800
Processing by ApplicantsController#index as HTML
  Rendering applicants/index.html.erb within layouts/application
  [1m[36mApplicant Load (0.2ms)[0m  [1m[34mSELECT "applicants".* FROM "applicants"[0m
  Rendered applicants/index.html.erb within layouts/application (2.0ms)
Completed 200 OK in 25ms (Views: 22.6ms | ActiveRecord: 0.2ms)


Started GET "/applicants/1" for 127.0.0.1 at 2018-02-04 15:47:13 -0800
Processing by ApplicantsController#show as HTML
  Parameters: {"id"=>"1"}
  [1m[36mApplicant Load (0.2ms)[0m  [1m[34mSELECT  "applicants".* FROM "applicants" WHERE "applicants"."id" = ? LIMIT ?[0m  [["id", 1], ["LIMIT", 1]]
  Rendering applicants/show.html.erb within layouts/application
  Rendered applicants/show.html.erb within layouts/application (1.0ms)
Completed 200 OK in 26ms (Views: 23.3ms | ActiveRecord: 0.2ms)


  [1m[35m (0.4ms)[0m  [1m[34mSELECT "schema_migrations"."version" FROM "schema_migrations" ORDER BY "schema_migrations"."version" ASC[0m
Migrating to UpdateApplicants (20180205234433)
  [1m[35m (1.1ms)[0m  [1m[34mSELECT "schema_migrations"."version" FROM "schema_migrations" ORDER BY "schema_migrations"."version" ASC[0m
Migrating to DropApplicants (20180206234433)
  [1m[35m (0.1ms)[0m  [1m[36mbegin transaction[0m
  [1m[35m (2.1ms)[0m  [1m[35mDROP TABLE "applicants"[0m
  [1m[35mSQL (0.6ms)[0m  [1m[32mINSERT INTO "schema_migrations" ("version") VALUES (?)[0m  [["version", "20180206234433"]]
  [1m[35m (0.6ms)[0m  [1m[36mcommit transaction[0m
  [1m[36mActiveRecord::InternalMetadata Load (0.5ms)[0m  [1m[34mSELECT  "ar_internal_metadata".* FROM "ar_internal_metadata" WHERE "ar_internal_metadata"."key" = ? LIMIT ?[0m  [["key", "environment"], ["LIMIT", 1]]
  [1m[35m (0.1ms)[0m  [1m[36mbegin transaction[0m
  [1m[35m (0.0ms)[0m  [1m[36mcommit transaction[0m
  [1m[35m (0.1ms)[0m  [1m[34mSELECT "schema_migrations"."version" FROM "schema_migrations" ORDER BY "schema_migrations"."version" ASC[0m
  [1m[35m (0.4ms)[0m  [1m[34mSELECT "schema_migrations"."version" FROM "schema_migrations" ORDER BY "schema_migrations"."version" ASC[0m
Migrating to CreateApplicants (20180204254433)
  [1m[35m (0.1ms)[0m  [1m[34mSELECT "schema_migrations"."version" FROM "schema_migrations" ORDER BY "schema_migrations"."version" ASC[0m
Migrating to CreateApplicants (20180204254433)
  [1m[35m (0.1ms)[0m  [1m[34mSELECT "schema_migrations"."version" FROM "schema_migrations" ORDER BY "schema_migrations"."version" ASC[0m
Migrating to CreateApplicants (20180204254433)
  [1m[35m (0.1ms)[0m  [1m[34mSELECT "schema_migrations"."version" FROM "schema_migrations" ORDER BY "schema_migrations"."version" ASC[0m
Migrating to CreateApplicants (20180204254433)
  [1m[35m (0.1ms)[0m  [1m[34mSELECT "schema_migrations"."version" FROM "schema_migrations" ORDER BY "schema_migrations"."version" ASC[0m
Migrating to CreateApplicants (20180204254433)
  [1m[35m (0.3ms)[0m  [1m[34mSELECT "schema_migrations"."version" FROM "schema_migrations" ORDER BY "schema_migrations"."version" ASC[0m
Migrating to CreateApplicants (20180204254433)
  [1m[35m (1.4ms)[0m  [1m[34mSELECT "schema_migrations"."version" FROM "schema_migrations" ORDER BY "schema_migrations"."version" ASC[0m
Migrating to CreateApplicants (20180204254433)
  [1m[35m (0.5ms)[0m  [1m[34mSELECT "schema_migrations"."version" FROM "schema_migrations" ORDER BY "schema_migrations"."version" ASC[0m
Migrating to CreateApplicants (20180204254433)
  [1m[35m (0.1ms)[0m  [1m[34mSELECT "schema_migrations"."version" FROM "schema_migrations" ORDER BY "schema_migrations"."version" ASC[0m
Migrating to CreateApplicants (20180204254433)
  [1m[35m (0.1ms)[0m  [1m[34mSELECT "schema_migrations"."version" FROM "schema_migrations" ORDER BY "schema_migrations"."version" ASC[0m
Migrating to CreateApplicants (20180204254433)
  [1m[35m (0.1ms)[0m  [1m[34mSELECT "schema_migrations"."version" FROM "schema_migrations" ORDER BY "schema_migrations"."version" ASC[0m
Migrating to CreateApplicants (20180204254433)
  [1m[35m (0.0ms)[0m  [1m[36mbegin transaction[0m
  [1m[35m (0.1ms)[0m  [1m[34mSELECT sqlite_version(*)[0m
  [1m[35m (1.7ms)[0m  [1m[35mCREATE TABLE "applicants" ("id" INTEGER PRIMARY KEY AUTOINCREMENT NOT NULL, "first_name" varchar NOT NULL, "last_name" varchar NOT NULL, "email" varchar NOT NULL, "phone" varchar NOT NULL, "zipcode" varchar NOT NULL, "referral_code" varchar, "created_at" datetime NOT NULL, "updated_at" datetime NOT NULL)[0m
  [1m[35mSQL (0.4ms)[0m  [1m[32mINSERT INTO "schema_migrations" ("version") VALUES (?)[0m  [["version", "20180204254433"]]
  [1m[35m (0.7ms)[0m  [1m[36mcommit transaction[0m
  [1m[36mActiveRecord::InternalMetadata Load (0.5ms)[0m  [1m[34mSELECT  "ar_internal_metadata".* FROM "ar_internal_metadata" WHERE "ar_internal_metadata"."key" = ? LIMIT ?[0m  [["key", "environment"], ["LIMIT", 1]]
  [1m[35m (0.0ms)[0m  [1m[36mbegin transaction[0m
  [1m[35m (0.0ms)[0m  [1m[36mcommit transaction[0m
  [1m[35m (0.1ms)[0m  [1m[34mSELECT "schema_migrations"."version" FROM "schema_migrations" ORDER BY "schema_migrations"."version" ASC[0m
  [1m[36mApplicant Load (0.9ms)[0m  [1m[34mSELECT  "applicants".* FROM "applicants" LIMIT ?[0m  [["LIMIT", 11]]
Started GET "/" for 127.0.0.1 at 2018-02-04 16:06:45 -0800
  [1m[35m (0.1ms)[0m  [1m[34mSELECT "schema_migrations"."version" FROM "schema_migrations" ORDER BY "schema_migrations"."version" ASC[0m
Processing by Rails::WelcomeController#index as HTML
  Rendering /Users/sjain/.rvm/gems/ruby-2.2.2@applicants/gems/railties-5.1.4/lib/rails/templates/rails/welcome/index.html.erb
  Rendered /Users/sjain/.rvm/gems/ruby-2.2.2@applicants/gems/railties-5.1.4/lib/rails/templates/rails/welcome/index.html.erb (3.2ms)
Completed 200 OK in 17ms (Views: 8.0ms | ActiveRecord: 0.0ms)


Started GET "/applicants" for 127.0.0.1 at 2018-02-04 16:06:49 -0800
Processing by ApplicantsController#index as HTML
  Rendering applicants/index.html.erb within layouts/application
  [1m[36mApplicant Load (0.1ms)[0m  [1m[34mSELECT "applicants".* FROM "applicants"[0m
  Rendered applicants/index.html.erb within layouts/application (3.6ms)
Completed 200 OK in 180ms (Views: 175.5ms | ActiveRecord: 0.6ms)


Started GET "/applicants/new" for 127.0.0.1 at 2018-02-04 16:06:51 -0800
Processing by ApplicantsController#new as HTML
  Rendering applicants/new.html.erb within layouts/application
  Rendered applicants/_form.html.erb (14.9ms)
  Rendered applicants/new.html.erb within layouts/application (16.5ms)
Completed 200 OK in 43ms (Views: 32.4ms | ActiveRecord: 0.4ms)


Started GET "/" for 127.0.0.1 at 2018-02-04 16:07:54 -0800
  [1m[35m (0.1ms)[0m  [1m[34mSELECT "schema_migrations"."version" FROM "schema_migrations" ORDER BY "schema_migrations"."version" ASC[0m
Processing by ApplicantsController#new as HTML
  Rendering applicants/new.html.erb within layouts/application
  Rendered applicants/_form.html.erb (13.5ms)
  Rendered applicants/new.html.erb within layouts/application (15.6ms)
Completed 200 OK in 195ms (Views: 179.4ms | ActiveRecord: 0.5ms)


Started GET "/applicants" for 127.0.0.1 at 2018-02-04 16:09:09 -0800
Processing by ApplicantsController#index as HTML
  Rendering applicants/index.html.erb within layouts/application
  [1m[36mApplicant Load (0.1ms)[0m  [1m[34mSELECT "applicants".* FROM "applicants"[0m
  Rendered applicants/index.html.erb within layouts/application (2.1ms)
Completed 200 OK in 21ms (Views: 18.3ms | ActiveRecord: 0.3ms)


Started GET "/" for 127.0.0.1 at 2018-02-04 16:09:11 -0800
Processing by ApplicantsController#new as HTML
  Rendering applicants/new.html.erb within layouts/application
  Rendered applicants/_form.html.erb (2.7ms)
  Rendered applicants/new.html.erb within layouts/application (4.7ms)
Completed 200 OK in 20ms (Views: 18.2ms | ActiveRecord: 0.0ms)


Started POST "/applicants" for 127.0.0.1 at 2018-02-04 16:09:54 -0800
  [1m[35m (0.1ms)[0m  [1m[34mSELECT "schema_migrations"."version" FROM "schema_migrations" ORDER BY "schema_migrations"."version" ASC[0m
Processing by ApplicantsController#create as HTML
  Parameters: {"utf8"=>"✓", "authenticity_token"=>"uXRAjvlNAPJMCmee+ZgIAIOrryb5DYIfS2Z8S9nkm4qny2daK2X61x5SthR1SepVAbCJk1PlGNIew1LO61t/8g==", "applicant"=>{"first_name"=>"", "last_name"=>"", "email"=>"", "phone"=>"", "zipcode"=>"", "referral_code"=>""}, "commit"=>"Create Applicant"}
  [1m[35m (0.1ms)[0m  [1m[36mbegin transaction[0m
  [1m[35mSQL (0.4ms)[0m  [1m[32mINSERT INTO "applicants" ("first_name", "last_name", "email", "phone", "zipcode", "referral_code", "created_at", "updated_at") VALUES (?, ?, ?, ?, ?, ?, ?, ?)[0m  [["first_name", ""], ["last_name", ""], ["email", ""], ["phone", ""], ["zipcode", ""], ["referral_code", ""], ["created_at", "2018-02-05 00:09:55.178540"], ["updated_at", "2018-02-05 00:09:55.178540"]]
  [1m[35m (0.5ms)[0m  [1m[36mcommit transaction[0m
Redirected to http://localhost:3000/applicants/1
Completed 302 Found in 20ms (ActiveRecord: 1.5ms)


Started GET "/applicants/1" for 127.0.0.1 at 2018-02-04 16:09:55 -0800
Processing by ApplicantsController#show as HTML
  Parameters: {"id"=>"1"}
  [1m[36mApplicant Load (0.2ms)[0m  [1m[34mSELECT  "applicants".* FROM "applicants" WHERE "applicants"."id" = ? LIMIT ?[0m  [["id", 1], ["LIMIT", 1]]
  Rendering applicants/show.html.erb within layouts/application
  Rendered applicants/show.html.erb within layouts/application (1.3ms)
Completed 200 OK in 181ms (Views: 176.2ms | ActiveRecord: 0.2ms)


Started GET "/applicants/" for 127.0.0.1 at 2018-02-04 16:10:05 -0800
Processing by ApplicantsController#index as HTML
  Rendering applicants/index.html.erb within layouts/application
  [1m[36mApplicant Load (0.2ms)[0m  [1m[34mSELECT "applicants".* FROM "applicants"[0m
  Rendered applicants/index.html.erb within layouts/application (2.1ms)
Completed 200 OK in 18ms (Views: 16.1ms | ActiveRecord: 0.2ms)


Started GET "/applicants/1" for 127.0.0.1 at 2018-02-04 16:10:07 -0800
Processing by ApplicantsController#show as HTML
  Parameters: {"id"=>"1"}
  [1m[36mApplicant Load (0.1ms)[0m  [1m[34mSELECT  "applicants".* FROM "applicants" WHERE "applicants"."id" = ? LIMIT ?[0m  [["id", 1], ["LIMIT", 1]]
  Rendering applicants/show.html.erb within layouts/application
  Rendered applicants/show.html.erb within layouts/application (0.9ms)
Completed 200 OK in 20ms (Views: 16.7ms | ActiveRecord: 0.1ms)


  [1m[36mApplicant Load (0.9ms)[0m  [1m[34mSELECT  "applicants".* FROM "applicants" LIMIT ?[0m  [["LIMIT", 11]]
Started GET "/" for 127.0.0.1 at 2018-02-04 16:16:35 -0800
  [1m[35m (0.1ms)[0m  [1m[34mSELECT "schema_migrations"."version" FROM "schema_migrations" ORDER BY "schema_migrations"."version" ASC[0m
Processing by ApplicantsController#new as HTML
  Rendering applicants/new.html.erb within layouts/application
  Rendered applicants/_form.html.erb (15.2ms)
  Rendered applicants/new.html.erb within layouts/application (18.0ms)
Completed 200 OK in 205ms (Views: 187.7ms | ActiveRecord: 0.5ms)


Started POST "/applicants" for 127.0.0.1 at 2018-02-04 16:17:19 -0800
Processing by ApplicantsController#create as HTML
  Parameters: {"utf8"=>"✓", "authenticity_token"=>"K3vU90xxNetd4gf3eNze+PHXrxs0i5dxS/KD0MjleXg1xPMjnlnPzg+61n30DTytc8yJrp5jDbweV61V+lqdAA==", "applicant"=>{"first_name"=>"Swati", "last_name"=>"jain", "email"=>"sjain@gmail.com", "phone"=>"1", "zipcode"=>"1", "referral_code"=>""}, "commit"=>"Create Applicant"}
  [1m[35m (0.0ms)[0m  [1m[36mbegin transaction[0m
  [1m[35mSQL (0.4ms)[0m  [1m[32mINSERT INTO "applicants" ("first_name", "last_name", "email", "phone", "zipcode", "referral_code", "created_at", "updated_at") VALUES (?, ?, ?, ?, ?, ?, ?, ?)[0m  [["first_name", "Swati"], ["last_name", "jain"], ["email", "sjain@gmail.com"], ["phone", "1"], ["zipcode", "1"], ["referral_code", ""], ["created_at", "2018-02-05 00:17:19.549670"], ["updated_at", "2018-02-05 00:17:19.549670"]]
  [1m[35m (1.4ms)[0m  [1m[36mcommit transaction[0m
Redirected to http://localhost:3000/applicants/2
Completed 302 Found in 6ms (ActiveRecord: 2.0ms)


Started GET "/applicants/2" for 127.0.0.1 at 2018-02-04 16:17:19 -0800
Processing by ApplicantsController#show as HTML
  Parameters: {"id"=>"2"}
  [1m[36mApplicant Load (0.2ms)[0m  [1m[34mSELECT  "applicants".* FROM "applicants" WHERE "applicants"."id" = ? LIMIT ?[0m  [["id", 2], ["LIMIT", 1]]
  Rendering applicants/show.html.erb within layouts/application
  Rendered applicants/show.html.erb within layouts/application (0.7ms)
Completed 200 OK in 21ms (Views: 15.6ms | ActiveRecord: 0.2ms)


Started GET "/applicants/2/edit" for 127.0.0.1 at 2018-02-04 16:17:23 -0800
Processing by ApplicantsController#edit as HTML
  Parameters: {"id"=>"2"}
  [1m[36mApplicant Load (0.1ms)[0m  [1m[34mSELECT  "applicants".* FROM "applicants" WHERE "applicants"."id" = ? LIMIT ?[0m  [["id", 2], ["LIMIT", 1]]
  Rendering applicants/edit.html.erb within layouts/application
  Rendered applicants/_form.html.erb (3.7ms)
  Rendered applicants/edit.html.erb within layouts/application (5.5ms)
Completed 200 OK in 27ms (Views: 24.0ms | ActiveRecord: 0.1ms)


Started PATCH "/applicants/2" for 127.0.0.1 at 2018-02-04 16:17:26 -0800
Processing by ApplicantsController#update as HTML
  Parameters: {"utf8"=>"✓", "authenticity_token"=>"CsFQIQoN3kXAji26yKyRbFl342Iaz/Jt1PvuxrZ7EbpycDz7DxTzhGweKvTlyo+I0o4c67xo2FdN4DJ12Wa82w==", "applicant"=>{"first_name"=>"Swati", "last_name"=>"jain", "email"=>"sjain@gmail.com", "phone"=>"1", "zipcode"=>"123", "referral_code"=>""}, "commit"=>"Update Applicant", "id"=>"2"}
  [1m[36mApplicant Load (0.1ms)[0m  [1m[34mSELECT  "applicants".* FROM "applicants" WHERE "applicants"."id" = ? LIMIT ?[0m  [["id", 2], ["LIMIT", 1]]
  [1m[35m (0.0ms)[0m  [1m[36mbegin transaction[0m
  [1m[35mSQL (0.3ms)[0m  [1m[33mUPDATE "applicants" SET "zipcode" = ?, "updated_at" = ? WHERE "applicants"."id" = ?[0m  [["zipcode", "123"], ["updated_at", "2018-02-05 00:17:26.888190"], ["id", 2]]
  [1m[35m (1.3ms)[0m  [1m[36mcommit transaction[0m
Redirected to http://localhost:3000/applicants/2
Completed 302 Found in 6ms (ActiveRecord: 1.7ms)


Started GET "/applicants/2" for 127.0.0.1 at 2018-02-04 16:17:26 -0800
Processing by ApplicantsController#show as HTML
  Parameters: {"id"=>"2"}
  [1m[36mApplicant Load (0.1ms)[0m  [1m[34mSELECT  "applicants".* FROM "applicants" WHERE "applicants"."id" = ? LIMIT ?[0m  [["id", 2], ["LIMIT", 1]]
  Rendering applicants/show.html.erb within layouts/application
  Rendered applicants/show.html.erb within layouts/application (0.7ms)
Completed 200 OK in 18ms (Views: 15.0ms | ActiveRecord: 0.1ms)


Started GET "/applicants/2/edit" for 127.0.0.1 at 2018-02-04 16:17:28 -0800
Processing by ApplicantsController#edit as HTML
  Parameters: {"id"=>"2"}
  [1m[36mApplicant Load (0.2ms)[0m  [1m[34mSELECT  "applicants".* FROM "applicants" WHERE "applicants"."id" = ? LIMIT ?[0m  [["id", 2], ["LIMIT", 1]]
  Rendering applicants/edit.html.erb within layouts/application
  Rendered applicants/_form.html.erb (3.0ms)
  Rendered applicants/edit.html.erb within layouts/application (5.1ms)
Completed 200 OK in 24ms (Views: 22.2ms | ActiveRecord: 0.2ms)


Started PATCH "/applicants/2" for 127.0.0.1 at 2018-02-04 16:17:29 -0800
Processing by ApplicantsController#update as HTML
  Parameters: {"utf8"=>"✓", "authenticity_token"=>"DQ4qFJII00O9TglcOIQMgCiMigbm1eTqnWH0ePWyWlZ1v0bOlxH+ghHeDhIV4hJko3V1j0ByztAEeijLmq/3Nw==", "applicant"=>{"first_name"=>"Swati", "last_name"=>"jain", "email"=>"sjain@gmail.com", "phone"=>"1", "zipcode"=>"123", "referral_code"=>""}, "commit"=>"Update Applicant", "id"=>"2"}
  [1m[36mApplicant Load (0.1ms)[0m  [1m[34mSELECT  "applicants".* FROM "applicants" WHERE "applicants"."id" = ? LIMIT ?[0m  [["id", 2], ["LIMIT", 1]]
  [1m[35m (0.0ms)[0m  [1m[36mbegin transaction[0m
  [1m[35m (0.0ms)[0m  [1m[36mcommit transaction[0m
Redirected to http://localhost:3000/applicants/2
Completed 302 Found in 3ms (ActiveRecord: 0.2ms)


Started GET "/applicants/2" for 127.0.0.1 at 2018-02-04 16:17:29 -0800
Processing by ApplicantsController#show as HTML
  Parameters: {"id"=>"2"}
  [1m[36mApplicant Load (0.1ms)[0m  [1m[34mSELECT  "applicants".* FROM "applicants" WHERE "applicants"."id" = ? LIMIT ?[0m  [["id", 2], ["LIMIT", 1]]
  Rendering applicants/show.html.erb within layouts/application
  Rendered applicants/show.html.erb within layouts/application (0.6ms)
Completed 200 OK in 17ms (Views: 15.0ms | ActiveRecord: 0.1ms)


Started GET "/applicants" for 127.0.0.1 at 2018-02-04 16:17:30 -0800
Processing by ApplicantsController#index as HTML
  Rendering applicants/index.html.erb within layouts/application
  [1m[36mApplicant Load (0.1ms)[0m  [1m[34mSELECT "applicants".* FROM "applicants"[0m
  Rendered applicants/index.html.erb within layouts/application (2.2ms)
Completed 200 OK in 20ms (Views: 18.0ms | ActiveRecord: 0.1ms)


Started DELETE "/applicants/1" for 127.0.0.1 at 2018-02-04 16:17:34 -0800
Processing by ApplicantsController#destroy as HTML
  Parameters: {"authenticity_token"=>"cZFkw4yHp06ztF5Eyu0/sn/lS+gPYG1R7xn0oG9Uj/JvLkMXXq9da+Hsj85GPN3n/f5tXaWI95y6vNolXetrig==", "id"=>"1"}
  [1m[36mApplicant Load (0.1ms)[0m  [1m[34mSELECT  "applicants".* FROM "applicants" WHERE "applicants"."id" = ? LIMIT ?[0m  [["id", 1], ["LIMIT", 1]]
  [1m[35m (0.0ms)[0m  [1m[36mbegin transaction[0m
  [1m[35mSQL (2.3ms)[0m  [1m[31mDELETE FROM "applicants" WHERE "applicants"."id" = ?[0m  [["id", 1]]
  [1m[35m (0.5ms)[0m  [1m[36mcommit transaction[0m
Redirected to http://localhost:3000/applicants
Completed 302 Found in 5ms (ActiveRecord: 3.0ms)


Started GET "/applicants" for 127.0.0.1 at 2018-02-04 16:17:34 -0800
Processing by ApplicantsController#index as HTML
  Rendering applicants/index.html.erb within layouts/application
  [1m[36mApplicant Load (0.2ms)[0m  [1m[34mSELECT "applicants".* FROM "applicants"[0m
  Rendered applicants/index.html.erb within layouts/application (1.8ms)
Completed 200 OK in 20ms (Views: 17.3ms | ActiveRecord: 0.2ms)


Started GET "/applicants/2/edit" for 127.0.0.1 at 2018-02-04 16:17:37 -0800
Processing by ApplicantsController#edit as HTML
  Parameters: {"id"=>"2"}
  [1m[36mApplicant Load (0.1ms)[0m  [1m[34mSELECT  "applicants".* FROM "applicants" WHERE "applicants"."id" = ? LIMIT ?[0m  [["id", 2], ["LIMIT", 1]]
  Rendering applicants/edit.html.erb within layouts/application
  Rendered applicants/_form.html.erb (3.1ms)
  Rendered applicants/edit.html.erb within layouts/application (5.2ms)
Completed 200 OK in 47ms (Views: 44.2ms | ActiveRecord: 0.1ms)


Started PATCH "/applicants/2" for 127.0.0.1 at 2018-02-04 16:18:00 -0800
Processing by ApplicantsController#update as HTML
  Parameters: {"utf8"=>"✓", "authenticity_token"=>"1wwPWiBdy+00Z1WI+Kq73a7sRcTb4dglDs5Yuf46IUSvvWOAJUTmLJj3UsbVzKU5JRW6TX1G8h+X1YQKkSeMJQ==", "applicant"=>{"first_name"=>"Swati", "last_name"=>"Jain", "email"=>"swatijain.purdue@gmail.com", "phone"=>"4085504947", "zipcode"=>"94560", "referral_code"=>""}, "commit"=>"Update Applicant", "id"=>"2"}
  [1m[36mApplicant Load (0.1ms)[0m  [1m[34mSELECT  "applicants".* FROM "applicants" WHERE "applicants"."id" = ? LIMIT ?[0m  [["id", 2], ["LIMIT", 1]]
  [1m[35m (0.0ms)[0m  [1m[36mbegin transaction[0m
  [1m[35mSQL (0.4ms)[0m  [1m[33mUPDATE "applicants" SET "last_name" = ?, "email" = ?, "phone" = ?, "zipcode" = ?, "updated_at" = ? WHERE "applicants"."id" = ?[0m  [["last_name", "Jain"], ["email", "swatijain.purdue@gmail.com"], ["phone", "4085504947"], ["zipcode", "94560"], ["updated_at", "2018-02-05 00:18:00.316480"], ["id", 2]]
  [1m[35m (1.4ms)[0m  [1m[36mcommit transaction[0m
Redirected to http://localhost:3000/applicants/2
Completed 302 Found in 6ms (ActiveRecord: 1.9ms)


Started GET "/applicants/2" for 127.0.0.1 at 2018-02-04 16:18:00 -0800
Processing by ApplicantsController#show as HTML
  Parameters: {"id"=>"2"}
  [1m[36mApplicant Load (0.1ms)[0m  [1m[34mSELECT  "applicants".* FROM "applicants" WHERE "applicants"."id" = ? LIMIT ?[0m  [["id", 2], ["LIMIT", 1]]
  Rendering applicants/show.html.erb within layouts/application
  Rendered applicants/show.html.erb within layouts/application (1.0ms)
Completed 200 OK in 23ms (Views: 20.9ms | ActiveRecord: 0.1ms)


Started GET "/applicants/2/edit" for 127.0.0.1 at 2018-02-04 16:18:10 -0800
Processing by ApplicantsController#edit as HTML
  Parameters: {"id"=>"2"}
  [1m[36mApplicant Load (0.1ms)[0m  [1m[34mSELECT  "applicants".* FROM "applicants" WHERE "applicants"."id" = ? LIMIT ?[0m  [["id", 2], ["LIMIT", 1]]
  Rendering applicants/edit.html.erb within layouts/application
  Rendered applicants/_form.html.erb (3.7ms)
  Rendered applicants/edit.html.erb within layouts/application (5.8ms)
Completed 200 OK in 27ms (Views: 24.8ms | ActiveRecord: 0.1ms)


Started PATCH "/applicants/2" for 127.0.0.1 at 2018-02-04 16:18:14 -0800
Processing by ApplicantsController#update as HTML
  Parameters: {"utf8"=>"✓", "authenticity_token"=>"DHSr83xSCJ/JNtEZ+NdPJfk5wQhK3TGJsikII0WYPcB0xccpeUslXmWm1lfVsVHBcsA+gex6G7MrMtSQKoWQoQ==", "applicant"=>{"first_name"=>"Swati", "last_name"=>"Jain", "email"=>"swatijain.purdue@gmail.com", "phone"=>"408-550-4947", "zipcode"=>"94560", "referral_code"=>""}, "commit"=>"Update Applicant", "id"=>"2"}
  [1m[36mApplicant Load (0.1ms)[0m  [1m[34mSELECT  "applicants".* FROM "applicants" WHERE "applicants"."id" = ? LIMIT ?[0m  [["id", 2], ["LIMIT", 1]]
  [1m[35m (0.0ms)[0m  [1m[36mbegin transaction[0m
  [1m[35mSQL (0.2ms)[0m  [1m[33mUPDATE "applicants" SET "phone" = ?, "updated_at" = ? WHERE "applicants"."id" = ?[0m  [["phone", "408-550-4947"], ["updated_at", "2018-02-05 00:18:14.212303"], ["id", 2]]
  [1m[35m (1.3ms)[0m  [1m[36mcommit transaction[0m
Redirected to http://localhost:3000/applicants/2
Completed 302 Found in 5ms (ActiveRecord: 1.8ms)


Started GET "/applicants/2" for 127.0.0.1 at 2018-02-04 16:18:14 -0800
Processing by ApplicantsController#show as HTML
  Parameters: {"id"=>"2"}
  [1m[36mApplicant Load (0.1ms)[0m  [1m[34mSELECT  "applicants".* FROM "applicants" WHERE "applicants"."id" = ? LIMIT ?[0m  [["id", 2], ["LIMIT", 1]]
  Rendering applicants/show.html.erb within layouts/application
  Rendered applicants/show.html.erb within layouts/application (0.8ms)
Completed 200 OK in 25ms (Views: 22.6ms | ActiveRecord: 0.1ms)


Started GET "/" for 127.0.0.1 at 2018-02-04 16:26:10 -0800
  [1m[35m (0.2ms)[0m  [1m[34mSELECT "schema_migrations"."version" FROM "schema_migrations" ORDER BY "schema_migrations"."version" ASC[0m
Processing by ApplicantsController#new as HTML
  Rendering applicants/new.html.erb within layouts/application
  Rendered applicants/_form.html.erb (13.3ms)
  Rendered applicants/new.html.erb within layouts/application (15.3ms)
Completed 200 OK in 262ms (Views: 243.6ms | ActiveRecord: 0.7ms)


Started GET "/" for 127.0.0.1 at 2018-02-04 16:27:22 -0800
  [1m[35m (0.1ms)[0m  [1m[34mSELECT "schema_migrations"."version" FROM "schema_migrations" ORDER BY "schema_migrations"."version" ASC[0m
Processing by ApplicantsController#new as HTML
  Rendering applicants/new.html.erb within layouts/application
  Rendered applicants/_form.html.erb (12.5ms)
  Rendered applicants/new.html.erb within layouts/application (15.0ms)
Completed 200 OK in 208ms (Views: 187.3ms | ActiveRecord: 0.5ms)


Started GET "/" for 127.0.0.1 at 2018-02-04 16:27:47 -0800
  [1m[35m (0.1ms)[0m  [1m[34mSELECT "schema_migrations"."version" FROM "schema_migrations" ORDER BY "schema_migrations"."version" ASC[0m
Processing by ApplicantsController#new as HTML
  Rendering applicants/new.html.erb within layouts/application
  Rendered applicants/_form.html.erb (0.9ms)
  Rendered applicants/new.html.erb within layouts/application (3.1ms)
Completed 500 Internal Server Error in 27ms (ActiveRecord: 0.5ms)


  
SyntaxError (/Users/sjain/practice/applicants/app/views/applicants/_form.html.erb:40: syntax error, unexpected '(', expecting ')'
...d=( form.label :referral_code (optional) );@output_buffer.sa...
...                               ^):
  
app/views/applicants/_form.html.erb:40: syntax error, unexpected '(', expecting ')'
app/views/applicants/new.html.erb:3:in `_app_views_applicants_new_html_erb___557456485496402630_70334358346940'
Started GET "/applicants/1" for 127.0.0.1 at 2018-02-04 16:30:19 -0800
  [1m[35m (0.1ms)[0m  [1m[34mSELECT "schema_migrations"."version" FROM "schema_migrations" ORDER BY "schema_migrations"."version" ASC[0m
Processing by ApplicantsController#show as HTML
  Parameters: {"id"=>"1"}
  [1m[36mApplicant Load (0.1ms)[0m  [1m[34mSELECT  "applicants".* FROM "applicants" WHERE "applicants"."id" = ? LIMIT ?[0m  [["id", 1], ["LIMIT", 1]]
Completed 404 Not Found in 13ms (ActiveRecord: 0.6ms)


  
ActiveRecord::RecordNotFound (Couldn't find Applicant with 'id'=1):
  
app/controllers/applicants_controller.rb:87:in `set_applicant'
Started GET "/applicants/" for 127.0.0.1 at 2018-02-04 16:30:22 -0800
Processing by ApplicantsController#index as HTML
  Rendering applicants/index.html.erb within layouts/application
  [1m[36mApplicant Load (0.1ms)[0m  [1m[34mSELECT "applicants".* FROM "applicants"[0m
  Rendered applicants/index.html.erb within layouts/application (16.4ms)
Completed 200 OK in 170ms (Views: 167.6ms | ActiveRecord: 0.3ms)


Started GET "/" for 127.0.0.1 at 2018-02-04 16:30:30 -0800
Processing by ApplicantsController#new as HTML
  Rendering applicants/new.html.erb within layouts/application
  Rendered applicants/_form.html.erb (12.7ms)
  Rendered applicants/new.html.erb within layouts/application (14.5ms)
Completed 200 OK in 31ms (Views: 28.6ms | ActiveRecord: 0.0ms)


Started GET "/" for 127.0.0.1 at 2018-02-04 16:30:42 -0800
  [1m[35m (0.1ms)[0m  [1m[34mSELECT "schema_migrations"."version" FROM "schema_migrations" ORDER BY "schema_migrations"."version" ASC[0m
Processing by ApplicantsController#new as HTML
  Rendering applicants/new.html.erb within layouts/application
  Rendered applicants/_form.html.erb (16.0ms)
  Rendered applicants/new.html.erb within layouts/application (18.5ms)
Completed 200 OK in 206ms (Views: 189.3ms | ActiveRecord: 0.4ms)


Started GET "/" for 127.0.0.1 at 2018-02-04 16:30:44 -0800
Processing by ApplicantsController#new as HTML
  Rendering applicants/new.html.erb within layouts/application
  Rendered applicants/_form.html.erb (3.3ms)
  Rendered applicants/new.html.erb within layouts/application (5.1ms)
Completed 200 OK in 24ms (Views: 22.1ms | ActiveRecord: 0.0ms)


Started GET "/applicants" for 127.0.0.1 at 2018-02-04 16:30:58 -0800
Processing by ApplicantsController#index as HTML
  Rendering applicants/index.html.erb within layouts/application
  [1m[36mApplicant Load (0.1ms)[0m  [1m[34mSELECT "applicants".* FROM "applicants"[0m
  Rendered applicants/index.html.erb within layouts/application (3.4ms)
Completed 200 OK in 20ms (Views: 17.7ms | ActiveRecord: 0.4ms)


Started GET "/applicants/2" for 127.0.0.1 at 2018-02-04 16:31:05 -0800
Processing by ApplicantsController#show as HTML
  Parameters: {"id"=>"2"}
  [1m[36mApplicant Load (0.2ms)[0m  [1m[34mSELECT  "applicants".* FROM "applicants" WHERE "applicants"."id" = ? LIMIT ?[0m  [["id", 2], ["LIMIT", 1]]
  Rendering applicants/show.html.erb within layouts/application
  Rendered applicants/show.html.erb within layouts/application (0.8ms)
Completed 200 OK in 25ms (Views: 21.1ms | ActiveRecord: 0.2ms)


Started GET "/applicants" for 127.0.0.1 at 2018-02-04 16:31:08 -0800
Processing by ApplicantsController#index as HTML
  Rendering applicants/index.html.erb within layouts/application
  [1m[36mApplicant Load (0.5ms)[0m  [1m[34mSELECT "applicants".* FROM "applicants"[0m
  Rendered applicants/index.html.erb within layouts/application (3.0ms)
Completed 200 OK in 25ms (Views: 21.5ms | ActiveRecord: 0.5ms)


Started GET "/applicants/2/edit" for 127.0.0.1 at 2018-02-04 16:31:09 -0800
Processing by ApplicantsController#edit as HTML
  Parameters: {"id"=>"2"}
  [1m[36mApplicant Load (0.1ms)[0m  [1m[34mSELECT  "applicants".* FROM "applicants" WHERE "applicants"."id" = ? LIMIT ?[0m  [["id", 2], ["LIMIT", 1]]
  Rendering applicants/edit.html.erb within layouts/application
  Rendered applicants/_form.html.erb (3.2ms)
  Rendered applicants/edit.html.erb within layouts/application (5.3ms)
Completed 200 OK in 30ms (Views: 27.4ms | ActiveRecord: 0.1ms)


Started GET "/applicants" for 127.0.0.1 at 2018-02-04 16:31:10 -0800
Processing by ApplicantsController#index as HTML
  Rendering applicants/index.html.erb within layouts/application
  [1m[36mApplicant Load (0.2ms)[0m  [1m[34mSELECT "applicants".* FROM "applicants"[0m
  Rendered applicants/index.html.erb within layouts/application (1.9ms)
Completed 200 OK in 27ms (Views: 24.6ms | ActiveRecord: 0.2ms)


Started GET "/applicants/new" for 127.0.0.1 at 2018-02-04 16:31:13 -0800
Processing by ApplicantsController#new as HTML
  Rendering applicants/new.html.erb within layouts/application
  Rendered applicants/_form.html.erb (2.9ms)
  Rendered applicants/new.html.erb within layouts/application (4.8ms)
Completed 200 OK in 50ms (Views: 47.9ms | ActiveRecord: 0.0ms)


Started GET "/applicants/new" for 127.0.0.1 at 2018-02-04 16:32:36 -0800
Processing by ApplicantsController#new as HTML
  Rendering applicants/new.html.erb within layouts/application
  Rendered applicants/_form.html.erb (5.7ms)
  Rendered applicants/new.html.erb within layouts/application (7.8ms)
Completed 200 OK in 35ms (Views: 31.7ms | ActiveRecord: 0.0ms)


Started GET "/" for 127.0.0.1 at 2018-02-04 16:47:21 -0800
  [1m[35m (0.1ms)[0m  [1m[34mSELECT "schema_migrations"."version" FROM "schema_migrations" ORDER BY "schema_migrations"."version" ASC[0m
Processing by ApplicantsController#new as HTML
  Rendering applicants/new.html.erb within layouts/application
  Rendered applicants/_form.html.erb (14.0ms)
  Rendered applicants/new.html.erb within layouts/application (16.5ms)
Completed 200 OK in 216ms (Views: 197.6ms | ActiveRecord: 0.6ms)


